J48 pruned tree
------------------

sex = female
|   pclass = 1: 1 (94.0/3.0)
|   pclass = 2: 1 (76.0/6.0)
|   pclass = 3
|   |   embarked = C
|   |   |   fare <= 15.2458
|   |   |   |   fare <= 13.8625: 1 (6.0)
|   |   |   |   fare > 13.8625: 0 (10.0/2.0)
|   |   |   fare > 15.2458: 1 (7.0)
|   |   embarked = Q
|   |   |   age <= 30
|   |   |   |   fare <= 7.65: 0 (2.0)
|   |   |   |   fare > 7.65: 1 (28.0/4.0)
|   |   |   age > 30: 0 (3.0)
|   |   embarked = S: 0 (88.0/33.0)
sex = male: 0 (577.0/109.0)

Number of Leaves  : 	10

Size of the tree : 	17


Correctly Classified Instances         724               81.257  %
Incorrectly Classified Instances       167               18.743  %
Kappa statistic                          0.5744
Mean absolute error                      0.2853
Root mean squared error                  0.3851
Relative absolute error                 60.3126 %
Root relative squared error             79.1806 %
Total Number of Instances              891     

=== Detailed Accuracy By Class ===

                 TP Rate  FP Rate  Precision  Recall   F-Measure  MCC      ROC Area  PRC Area  Class
                 0.953    0.424    0.783      0.953    0.859      0.594    0.768     0.767     0
                 0.576    0.047    0.883      0.576    0.697      0.594    0.768     0.752     1
Weighted Avg.    0.808    0.279    0.821      0.808    0.797      0.594    0.768     0.762     

=== Confusion Matrix ===

    a    b   <-- classified as
 1567   80 |    a = 0
  432  594 |    b = 1

Train Num Instances: 891
Test Num Instances: 418
---------- Print Train Dataset Variables Stats ------
The 0th Attribute is Nominal
The 0th Attribute has: 3 values
The 0th Attribute has: 3 distinct values
The 1th Attribute is Nominal
The 1th Attribute has: 2 values
The 1th Attribute has: 2 distinct values
The 2th Attribute has: 88 distinct values
The 2th Attribute is Numeric
The 2th Attribute has min value: 0.42 and max value: 80.0 and mean value: 29.758888888888883 and stdDev value: 13.002570039820954
The 3th Attribute has: 7 distinct values
The 3th Attribute is Numeric
The 3th Attribute has min value: 0.0 and max value: 8.0 and mean value: 0.5230078563411897 and stdDev value: 1.1027434322934317
The 4th Attribute has: 248 distinct values
The 4th Attribute is Numeric
The 4th Attribute has min value: 0.0 and max value: 512.3292 and mean value: 32.20420796857465 and stdDev value: 49.6934285971809
The 5th Attribute is Nominal
The 5th Attribute has: 186 values
The 5th Attribute has: 147 distinct values
The 6th Attribute is Nominal
The 6th Attribute has: 3 values
The 6th Attribute has: 3 distinct values
---------- Model Saved to:savedmodels/j48.model
---------- Model Deserializing with success
---------- Starting Auto Weka...
2017-06-22 15:36:43.260 [Thread-1] WARN AutoWEKAClassifier - 2017-06-22 15:36:43.260 [main] WARN Experiment - [WARN ] [PROCESS-ERR] 2017-06-22 15:36:43.217 [Thread-0] WARN ClassifierRunner - Training classifier (weka.classifiers.meta.RandomCommittee [-I, 16, -S, 1, -W, weka.classifiers.lazy.IBk, --, -E, -K, 34, -I]) failed: Base learner must implement Randomizable!
2017-06-22 15:37:46.936 [Thread-1] WARN AutoWEKAClassifier - 2017-06-22 15:37:46.936 [main] WARN Experiment - [WARN ] [PROCESS-ERR]  2017-06-22 15:37:46.919 [Thread-0] WARN ClassifierRunner - Training classifier (weka.classifiers.meta.AdaBoostM1 [-P, 100, -I, 25, -Q, -S, 1, -W, weka.classifiers.functions.SGD, --, -F, 2, -L, 1.2787999183720395E-5, -R, 0.007239668324426932, -N]) failed: weka.classifiers.meta.AdaBoostM1: Cannot handle binary class!
2017-06-22 15:37:46.937 [Thread-1] WARN AutoWEKAClassifier - 2017-06-22 15:37:46.937 [main] WARN Experiment - [WARN ] [PROCESS-ERR]  weka.core.UnsupportedAttributeTypeException: weka.classifiers.meta.AdaBoostM1: Cannot handle binary class!
2017-06-22 15:37:46.937 [Thread-1] WARN AutoWEKAClassifier - 2017-06-22 15:37:46.937 [main] WARN Experiment - [WARN ] [PROCESS-ERR]  	at weka.core.Capabilities.test(Capabilities.java:1119)
2017-06-22 15:37:46.937 [Thread-1] WARN AutoWEKAClassifier - 2017-06-22 15:37:46.937 [main] WARN Experiment - [WARN ] [PROCESS-ERR]  	at weka.core.Capabilities.test(Capabilities.java:1303)
2017-06-22 15:37:46.937 [Thread-1] WARN AutoWEKAClassifier - 2017-06-22 15:37:46.937 [main] WARN Experiment - [WARN ] [PROCESS-ERR]  	at weka.core.Capabilities.test(Capabilities.java:1208)
2017-06-22 15:37:46.937 [Thread-1] WARN AutoWEKAClassifier - 2017-06-22 15:37:46.937 [main] WARN Experiment - [WARN ] [PROCESS-ERR]  	at weka.core.Capabilities.testWithFail(Capabilities.java:1506)
2017-06-22 15:37:46.937 [Thread-1] WARN AutoWEKAClassifier - 2017-06-22 15:37:46.937 [main] WARN Experiment - [WARN ] [PROCESS-ERR]  	at weka.classifiers.meta.AdaBoostM1.initializeClassifier(AdaBoostM1.java:494)
2017-06-22 15:37:46.937 [Thread-1] WARN AutoWEKAClassifier - 2017-06-22 15:37:46.937 [main] WARN Experiment - [WARN ] [PROCESS-ERR]  	at weka.classifiers.meta.AdaBoostM1.buildClassifier(AdaBoostM1.java:473)
2017-06-22 15:37:46.937 [Thread-1] WARN AutoWEKAClassifier - 2017-06-22 15:37:46.937 [main] WARN Experiment - [WARN ] [PROCESS-ERR]  	at autoweka.ClassifierRunner$BuilderThread.doWork(ClassifierRunner.java:459)
2017-06-22 15:37:46.937 [Thread-1] WARN AutoWEKAClassifier - 2017-06-22 15:37:46.937 [main] WARN Experiment - [WARN ] [PROCESS-ERR]  	at autoweka.WorkerThread.run(WorkerThread.java:26)
2017-06-22 15:38:24.936 [Thread-1] WARN AutoWEKAClassifier - 2017-06-22 15:38:24.935 [main] WARN Experiment - [WARN ] Algorithm Run Result reported a runtime of 38.046875 (secs) that exceeded it's cutoff time of 25.0 (secs) by 13.046875 (secs). Next warning at 14.046875 (secs)  
2017-06-22 15:38:24.936 [Thread-1] WARN AutoWEKAClassifier - 2017-06-22 15:38:24.935 [main] WARN Experiment - [WARN ] Algorithm Run Result reported wallclock time of 37.901 (secs) that exceeded it's cutoff time of 25.0 (secs) by 12.901000000000003 (secs). Next warning at 13.901000000000003 (secs)  
2017-06-22 15:39:15.086 [Thread-1] INFO AutoWEKAClassifier - Estimated mean quality of final incumbent config 45 (internal ID: 0x5867D) on test set: 0.08978675645342311, based on 1 run(s) on 1 test instance(s).
2017-06-22 15:39:17.747 [main] INFO TrajectoryMerger - Experiment C:\Users\cmoreno\AppData\Local\Temp\autoweka1884369083528721065\Auto-WEKA
2017-06-22 15:39:17.772 [main] INFO AutoWEKAClassifier - Thread 0, best configuration estimate 0.08978675645342311
2017-06-22 15:39:17.772 [main] INFO AutoWEKAClassifier - classifier: weka.classifiers.trees.RandomForest, arguments: [-I, 58, -K, 4, -depth, 6], attribute search: weka.attributeSelection.GreedyStepwise, attribute search arguments: [-C, -R], attribute evaluation: weka.attributeSelection.CfsSubsetEval, attribute evaluation arguments: [-M]
best classifier: weka.classifiers.trees.RandomForest
arguments: [-I, 58, -K, 4, -depth, 6]
attribute search: weka.attributeSelection.GreedyStepwise
attribute search arguments: [-C, -R]
attribute evaluation: weka.attributeSelection.CfsSubsetEval
attribute evaluation arguments: [-M]
metric: errorRate
estimated errorRate: 0.08978675645342311
training time on evaluation dataset: 0.867 seconds

You can use the chosen classifier in your own code as follows:

AttributeSelection as = new AttributeSelection();
ASSearch asSearch = ASSearch.forName("weka.attributeSelection.GreedyStepwise", new String[]{"-C", "-R"});
as.setSearch(asSearch);
ASEvaluation asEval = ASEvaluation.forName("weka.attributeSelection.CfsSubsetEval", new String[]{"-M"});
as.setEvaluator(asEval);
as.SelectAttributes(instances);
instances = as.reduceDimensionality(instances);
Classifier classifier = AbstractClassifier.forName("weka.classifiers.trees.RandomForest", new String[]{"-I", "58", "-K", "4", "-depth", "6"});
classifier.buildClassifier(instances);


Correctly Classified Instances         811               91.0213 %
Incorrectly Classified Instances        80                8.9787 %
Kappa statistic                          0.8055
Mean absolute error                      0.2021
Root mean squared error                  0.2822
Relative absolute error                 42.7205 %
Root relative squared error             58.0208 %
Total Number of Instances              891     

=== Confusion Matrix ===

   a   b   <-- classified as
 531  18 |   a = 0
  62 280 |   b = 1

=== Detailed Accuracy By Class ===

                 TP Rate  FP Rate  Precision  Recall   F-Measure  MCC      ROC Area  PRC Area  Class
                 0.967    0.181    0.895      0.967    0.930      0.810    0.955     0.968     0
                 0.819    0.033    0.940      0.819    0.875      0.810    0.955     0.946     1
Weighted Avg.    0.910    0.124    0.912      0.910    0.909      0.810    0.955     0.959     
Temporary run directories:
C:\Users\cmoreno\AppData\Local\Temp\autoweka1884369083528721065\


For better performance, try giving Auto-WEKA more time.
Tried 140 configurations; to get good results reliably you may need to allow for trying thousands of configurations.

Total Tried: 140
---------- Model Saved to:savedmodels/autoweka.model
---------- Finished Auto Weka...